<?xml version="1.0" encoding="UTF-8"?>
<robot generator="Robot 3.2.1 (Python 3.8.3 on win32)" generated="20200715 15:07:07.014" rpa="false">
<suite id="s1" name="Test" source="C:\smarkio\teste-tecnico\test">
<suite id="s1-s1" name="Validacao-Carrinho" source="C:\smarkio\teste-tecnico\test\validacao-carrinho.robot">
<test id="s1-s1-t1" name="Entrada e Busca">
<kw name="Open Session" library="base" type="setup">
<kw name="Open Browser" library="SeleniumLibrary">
<doc>Opens a new browser instance to the optional ``url``.</doc>
<arguments>
<arg>about:blank</arg>
<arg>chrome</arg>
</arguments>
<msg timestamp="20200715 15:07:07.188" level="INFO">Opening browser 'chrome' to base url 'about:blank'.</msg>
<status status="PASS" starttime="20200715 15:07:07.187" endtime="20200715 15:07:10.193"></status>
</kw>
<status status="PASS" starttime="20200715 15:07:07.187" endtime="20200715 15:07:10.193"></status>
</kw>
<kw name="Dado que acesso o site" library="kws">
<kw name="Go To" library="SeleniumLibrary">
<doc>Navigates the current browser window to the provided ``url``.</doc>
<arguments>
<arg>${base_url}</arg>
</arguments>
<msg timestamp="20200715 15:07:10.194" level="INFO">Opening url 'https://www.kabum.com.br/'</msg>
<status status="PASS" starttime="20200715 15:07:10.194" endtime="20200715 15:07:12.181"></status>
</kw>
<status status="PASS" starttime="20200715 15:07:10.194" endtime="20200715 15:07:12.181"></status>
</kw>
<kw name="Quando busco por &quot;${produto}&quot;" library="kws">
<kw name="Input Text" library="SeleniumLibrary">
<doc>Types the given ``text`` into the text field identified by ``locator``.</doc>
<arguments>
<arg>${busca}</arg>
<arg>${produto}</arg>
</arguments>
<msg timestamp="20200715 15:07:12.182" level="INFO">Typing text 'Amazon Smart Home Echo Dot Alexa, 3ª Geração, Preto' into text field 'css:input[class=sprocura]'.</msg>
<status status="PASS" starttime="20200715 15:07:12.182" endtime="20200715 15:07:13.143"></status>
</kw>
<kw name="Wait Until Element Is Visible" library="SeleniumLibrary">
<doc>Waits until the element ``locator`` is visible.</doc>
<arguments>
<arg>${botao_busca}</arg>
</arguments>
<status status="PASS" starttime="20200715 15:07:13.143" endtime="20200715 15:07:13.168"></status>
</kw>
<kw name="Click Element" library="SeleniumLibrary">
<doc>Click the element identified by ``locator``.</doc>
<arguments>
<arg>${botao_busca}</arg>
</arguments>
<msg timestamp="20200715 15:07:13.168" level="INFO">Clicking element 'id=bt-busca'.</msg>
<status status="PASS" starttime="20200715 15:07:13.168" endtime="20200715 15:07:13.271"></status>
</kw>
<status status="PASS" starttime="20200715 15:07:12.182" endtime="20200715 15:07:13.272"></status>
</kw>
<kw name="Então encontro o produto desejado e adiciono no carrinho" library="kws">
<kw name="Wait Until Element Is Visible" library="SeleniumLibrary">
<doc>Waits until the element ``locator`` is visible.</doc>
<arguments>
<arg>${botao_add}</arg>
</arguments>
<status status="PASS" starttime="20200715 15:07:13.273" endtime="20200715 15:07:15.015"></status>
</kw>
<kw name="Click Element" library="SeleniumLibrary">
<doc>Click the element identified by ``locator``.</doc>
<arguments>
<arg>${botao_add}</arg>
</arguments>
<msg timestamp="20200715 15:07:15.016" level="INFO">Clicking element 'css:a[target=_self]'.</msg>
<status status="PASS" starttime="20200715 15:07:15.016" endtime="20200715 15:07:15.568"></status>
</kw>
<kw name="Sleep" library="BuiltIn">
<doc>Pauses the test executed for the given time.</doc>
<arguments>
<arg>3</arg>
</arguments>
<msg timestamp="20200715 15:07:18.571" level="INFO">Slept 3 seconds</msg>
<status status="PASS" starttime="20200715 15:07:15.569" endtime="20200715 15:07:18.571"></status>
</kw>
<status status="PASS" starttime="20200715 15:07:13.272" endtime="20200715 15:07:18.571"></status>
</kw>
<kw name="Close Session" library="base" type="teardown">
<kw name="Capture Page Screenshot" library="SeleniumLibrary">
<doc>Takes a screenshot of the current page and embeds it into a log file.</doc>
<msg timestamp="20200715 15:07:18.851" level="INFO" html="yes">&lt;/td&gt;&lt;/tr&gt;&lt;tr&gt;&lt;td colspan="3"&gt;&lt;a href="selenium-screenshot-1.png"&gt;&lt;img src="selenium-screenshot-1.png" width="800px"&gt;&lt;/a&gt;</msg>
<status status="PASS" starttime="20200715 15:07:18.571" endtime="20200715 15:07:18.851"></status>
</kw>
<kw name="Close Browser" library="SeleniumLibrary">
<doc>Closes the current browser.</doc>
<status status="PASS" starttime="20200715 15:07:18.852" endtime="20200715 15:07:21.082"></status>
</kw>
<status status="PASS" starttime="20200715 15:07:18.571" endtime="20200715 15:07:21.082"></status>
</kw>
<status status="PASS" starttime="20200715 15:07:07.186" endtime="20200715 15:07:21.083" critical="yes"></status>
</test>
<doc>Suite do teste de busca</doc>
<status status="PASS" starttime="20200715 15:07:07.036" endtime="20200715 15:07:21.085"></status>
</suite>
<status status="PASS" starttime="20200715 15:07:07.015" endtime="20200715 15:07:21.087"></status>
</suite>
<statistics>
<total>
<stat pass="1" fail="0">Critical Tests</stat>
<stat pass="1" fail="0">All Tests</stat>
</total>
<tag>
</tag>
<suite>
<stat pass="1" fail="0" id="s1" name="Test">Test</stat>
<stat pass="1" fail="0" id="s1-s1" name="Validacao-Carrinho">Test.Validacao-Carrinho</stat>
</suite>
</statistics>
<errors>
</errors>
</robot>
